This is pdfTeX, Version 3.14159265-2.6-1.40.20 (TeX Live 2019) (preloaded format=pdflatex 2020.3.8)  9 MAR 2020 12:29
entering extended mode
 restricted \write18 enabled.
 %&-line parsing enabled.
**/private/var/folders/t6/j4gcn9yx16j9dmx6mm3nflzm0000gp/T/RtmpDiXfMK/file33b21
66b6775.tex

(/private/var/folders/t6/j4gcn9yx16j9dmx6mm3nflzm0000gp/T/RtmpDiXfMK/file33b216
6b6775.tex
LaTeX2e <2020-02-02> patch level 5
L3 programming layer <2020-02-25>

! LaTeX Error: Missing \begin{document}.

See the LaTeX manual or LaTeX Companion for explanation.
Type  H <return>  for immediate help.
 ...                                              
                                                  
l.1 \begin{frame}{Summary}
                           
Here is how much of TeX's memory you used:
 18 strings out of 482938
 753 string characters out of 5959422
 232825 words of memory out of 5000000
 15378 multiletter control sequences out of 15000+600000
 532338 words of font info for 24 fonts, out of 8000000 for 9000
 14 hyphenation exceptions out of 8191
 12i,0n,15p,142b,20s stack positions out of 5000i,500n,10000p,200000b,80000s

!  ==> Fatal error occurred, no output PDF file produced!
